2025-05-24 11:02:24,312 - INFO - Banco de dados inicializado com sucesso
2025-05-24 11:02:24,312 - INFO - Iniciando Gerenciador de Spam do Gmail
2025-05-24 11:02:24,606 - INFO - Inicializando GmailSpamManagerApp
2025-05-24 11:02:24,606 - INFO - Ícone encontrado: icones\gerenciador_spam.ico
2025-05-24 11:02:24,674 - INFO - Criando widgets da interface
2025-05-24 11:02:24,678 - INFO - Obtendo lista de emails salvos
2025-05-24 11:02:24,680 - INFO - Emails salvos encontrados: 0
2025-05-24 11:02:24,698 - INFO - Widgets criados com sucesso
2025-05-24 11:02:24,699 - INFO - Carregando credenciais salvas
2025-05-24 11:02:24,700 - INFO - Inicialização concluída com sucesso
2025-05-24 11:02:29,591 - INFO - Botão 'Verificar Spam' clicado
2025-05-24 11:02:29,593 - INFO - Iniciando get_current_credentials
2025-05-24 11:02:29,593 - INFO - Has combo: None, Email selecionado: 'None'
2025-05-24 11:02:29,593 - INFO - Solicitando novas credenciais via prompt
2025-05-24 11:02:29,593 - INFO - Iniciando prompt_credentials_gui
2025-05-24 11:02:29,594 - INFO - Emails salvos encontrados: 0
2025-05-24 11:02:29,594 - INFO - Solicitando novas credenciais
2025-05-24 11:02:40,810 - ERROR - Erro ao solicitar credenciais: window ".!_querystring" was deleted before its visibility changed
2025-05-24 11:02:40,810 - INFO - Resultado do prompt: False, False
2025-05-24 11:02:50,612 - INFO - Botão 'Nova Conta' clicado
2025-05-24 11:02:50,613 - INFO - Iniciando prompt_credentials_gui
2025-05-24 11:02:50,613 - INFO - Emails salvos encontrados: 0
2025-05-24 11:02:50,614 - INFO - Solicitando novas credenciais
2025-05-24 11:03:00,843 - INFO - Email inserido: True
2025-05-24 11:03:04,970 - INFO - Senha inserida: True
2025-05-24 11:03:05,961 - INFO - Credenciais salvas para mateuzin002011.mf@gmail.com
2025-05-24 11:03:06,921 - INFO - Resultado do prompt: email=True, password=True
2025-05-24 11:03:10,353 - INFO - Botão 'Verificar Spam' clicado
2025-05-24 11:03:10,354 - INFO - Iniciando get_current_credentials
2025-05-24 11:03:10,354 - INFO - Has combo: None, Email selecionado: 'None'
2025-05-24 11:03:10,354 - INFO - Solicitando novas credenciais via prompt
2025-05-24 11:03:10,354 - INFO - Iniciando prompt_credentials_gui
2025-05-24 11:03:10,355 - INFO - Emails salvos encontrados: 1
2025-05-24 11:03:10,355 - INFO - Mostrando diálogo para escolher conta existente
2025-05-24 11:03:11,658 - INFO - Usuário escolheu usar conta existente: True
2025-05-24 11:03:13,743 - ERROR - Erro ao solicitar credenciais: window ".!_querystring4" was deleted before its visibility changed
2025-05-24 11:03:13,743 - INFO - Resultado do prompt: False, False
2025-05-24 11:04:03,198 - INFO - Banco de dados inicializado com sucesso
2025-05-24 11:04:03,198 - INFO - Iniciando Gerenciador de Spam do Gmail
2025-05-24 11:04:03,321 - INFO - Inicializando GmailSpamManagerApp
2025-05-24 11:04:03,322 - INFO - Ícone encontrado: icones\gerenciador_spam.ico
2025-05-24 11:04:03,364 - INFO - Criando widgets da interface
2025-05-24 11:04:03,367 - INFO - Obtendo lista de emails salvos
2025-05-24 11:04:03,369 - INFO - Emails salvos encontrados: 1
2025-05-24 11:04:03,369 - INFO - Criando combobox para emails salvos
2025-05-24 11:04:03,389 - INFO - Widgets criados com sucesso
2025-05-24 11:04:03,390 - INFO - Carregando credenciais salvas
2025-05-24 11:04:03,391 - INFO - Inicialização concluída com sucesso
2025-05-24 11:04:05,996 - INFO - Botão 'Verificar Spam' clicado
2025-05-24 11:04:05,997 - INFO - Iniciando get_current_credentials
2025-05-24 11:04:05,998 - INFO - Has combo: .!frame.!labelframe.!combobox, Email selecionado: 'mateuzin002011.mf@gmail.com'
2025-05-24 11:04:05,999 - INFO - Tentando obter credenciais para: 'mateuzin002011.mf@gmail.com'
2025-05-24 11:04:06,003 - INFO - Credenciais obtidas: email=True, password=True
2025-05-24 11:04:06,004 - INFO - Credenciais válidas encontradas - usando credenciais salvas
2025-05-24 11:04:06,004 - INFO - Connecting to imap.gmail.com...
2025-05-24 11:04:06,576 - INFO - Logging in as mateuzin002011.mf@gmail.com...
2025-05-24 11:04:06,937 - INFO - Login successful
2025-05-24 11:04:06,938 - INFO - Selecting folder: [Gmail]/Spam
2025-05-24 11:04:07,402 - INFO - Found 9 emails in spam folder
2025-05-24 11:04:07,611 - INFO - Logged out successfully
2025-05-24 11:04:07,611 - INFO - Script execution time: 1.61 seconds
2025-05-24 11:04:32,861 - INFO - Iniciando get_current_credentials
2025-05-24 11:04:32,863 - INFO - Has combo: .!frame.!labelframe.!combobox, Email selecionado: 'mateuzin002011.mf@gmail.com'
2025-05-24 11:04:32,864 - INFO - Tentando obter credenciais para: 'mateuzin002011.mf@gmail.com'
2025-05-24 11:04:32,866 - INFO - Credenciais obtidas: email=True, password=True
2025-05-24 11:04:32,866 - INFO - Credenciais válidas encontradas - usando credenciais salvas
2025-05-24 11:04:32,867 - INFO - Connecting to imap.gmail.com...
2025-05-24 11:04:33,732 - INFO - Logging in as mateuzin002011.mf@gmail.com...
2025-05-24 11:04:34,194 - INFO - Login successful
2025-05-24 11:04:34,195 - INFO - Selecting folder: [Gmail]/Spam
2025-05-24 11:04:34,760 - INFO - Found 9 emails in spam folder
2025-05-24 11:04:34,760 - INFO - Marking all emails for deletion...
2025-05-24 11:04:37,538 - INFO - Expunging deleted emails...
2025-05-24 11:04:37,892 - INFO - Successfully deleted 9 emails from spam folder
2025-05-24 11:04:38,102 - INFO - Logged out successfully
2025-05-24 11:04:38,102 - INFO - Script execution time: 5.24 seconds
2025-05-24 11:04:51,444 - INFO - Botão 'Nova Conta' clicado
2025-05-24 11:04:51,444 - INFO - Iniciando prompt_credentials_gui
2025-05-24 11:04:51,445 - INFO - Emails salvos encontrados: 1
2025-05-24 11:04:51,445 - INFO - Mostrando diálogo para escolher conta existente
2025-05-24 11:04:55,138 - INFO - Usuário escolheu usar conta existente: False
2025-05-24 11:04:55,139 - INFO - Solicitando novas credenciais
2025-05-24 11:04:57,150 - INFO - Email inserido: False
2025-05-24 11:04:57,151 - INFO - Email cancelado pelo usuário
2025-05-24 11:04:57,151 - INFO - Resultado do prompt: email=False, password=False
2025-05-24 11:21:12,484 - INFO - Banco de dados inicializado com sucesso
2025-05-24 11:21:12,484 - INFO - Iniciando Gerenciador de Spam do Gmail
2025-05-24 11:21:12,604 - INFO - Inicializando GmailSpamManagerApp
2025-05-24 11:21:12,604 - INFO - Ícone encontrado: icones\gerenciador_spam.ico
2025-05-24 11:21:12,647 - INFO - Criando widgets da interface
2025-05-24 11:21:12,651 - INFO - Obtendo lista de emails salvos
2025-05-24 11:21:12,653 - INFO - Emails salvos encontrados: 1
2025-05-24 11:21:12,653 - INFO - Criando combobox para emails salvos
2025-05-24 11:21:12,673 - INFO - Widgets criados com sucesso
2025-05-24 11:21:12,674 - INFO - Carregando credenciais salvas
2025-05-24 11:21:12,675 - INFO - Inicialização concluída com sucesso
2025-05-24 11:26:31,246 - INFO - Banco de dados inicializado com sucesso
2025-05-24 11:26:31,246 - INFO - Iniciando Gerenciador de Spam do Gmail
2025-05-24 11:26:31,365 - INFO - Inicializando GmailSpamManagerApp
2025-05-24 11:26:31,366 - INFO - Ícone encontrado: icones\gerenciador_spam.ico
2025-05-24 11:26:31,407 - INFO - Criando widgets da interface
2025-05-24 11:26:31,410 - INFO - Obtendo lista de emails salvos
2025-05-24 11:26:31,412 - INFO - Emails salvos encontrados: 1
2025-05-24 11:26:31,412 - INFO - Criando combobox para emails salvos
2025-05-24 11:26:31,432 - INFO - Widgets criados com sucesso
2025-05-24 11:26:31,432 - INFO - Carregando credenciais salvas
2025-05-24 11:26:31,434 - INFO - Inicialização concluída com sucesso
2025-05-24 11:26:36,982 - INFO - Credenciais removidas para mateuzin002011.mf@gmail.com
2025-05-25 09:08:15,280 - INFO - Banco de dados inicializado com sucesso
2025-05-25 09:08:15,281 - INFO - Iniciando Gerenciador de Spam do Gmail
2025-05-25 09:08:15,571 - INFO - Inicializando GmailSpamManagerApp
2025-05-25 09:08:15,571 - INFO - Ícone encontrado: icones\gerenciador_spam.ico
2025-05-25 09:08:15,624 - INFO - Criando widgets da interface
2025-05-25 09:08:15,627 - INFO - Obtendo lista de emails salvos
2025-05-25 09:08:15,629 - INFO - Emails salvos encontrados: 0
2025-05-25 09:08:15,643 - INFO - Widgets criados com sucesso
2025-05-25 09:08:15,644 - INFO - Carregando credenciais salvas
2025-05-25 09:08:15,646 - INFO - Inicialização concluída com sucesso
2025-05-27 07:09:23,112 - INFO - Banco de dados inicializado com sucesso
2025-05-27 07:09:23,113 - INFO - Iniciando Gerenciador de Spam do Gmail
2025-05-27 07:09:23,784 - INFO - Inicializando GmailSpamManagerApp
2025-05-27 07:09:23,786 - INFO - Ícone encontrado: icones\gerenciador_spam.ico
2025-05-27 07:09:23,834 - INFO - Criando widgets da interface
2025-05-27 07:09:23,844 - INFO - Obtendo lista de emails salvos
2025-05-27 07:09:23,845 - INFO - Emails salvos encontrados: 0
2025-05-27 07:09:23,868 - INFO - Widgets criados com sucesso
2025-05-27 07:09:23,869 - INFO - Carregando credenciais salvas
2025-05-27 07:09:23,870 - INFO - Inicialização concluída com sucesso
2025-05-27 07:09:31,747 - INFO - Botão 'Nova Conta' clicado
2025-05-27 07:09:31,747 - INFO - Iniciando prompt_credentials_gui
2025-05-27 07:09:31,749 - INFO - Emails salvos encontrados: 0
2025-05-27 07:09:31,749 - INFO - Solicitando novas credenciais
2025-05-27 07:09:44,107 - INFO - Email inserido: True
2025-05-27 07:10:12,881 - INFO - Senha inserida: True
2025-05-27 07:10:14,370 - INFO - Credenciais salvas para mateuzin002011.mf@gmail.com
2025-05-27 07:10:15,758 - INFO - Resultado do prompt: email=True, password=True
2025-05-27 07:10:22,213 - INFO - Botão 'Verificar Spam' clicado
2025-05-27 07:10:22,214 - INFO - Iniciando get_current_credentials
2025-05-27 07:10:22,215 - INFO - Has combo: None, Email selecionado: 'None'
2025-05-27 07:10:22,215 - INFO - Solicitando novas credenciais via prompt
2025-05-27 07:10:22,215 - INFO - Iniciando prompt_credentials_gui
2025-05-27 07:10:22,216 - INFO - Emails salvos encontrados: 1
2025-05-27 07:10:22,216 - INFO - Mostrando diálogo para escolher conta existente
2025-05-27 07:10:24,564 - INFO - Usuário escolheu usar conta existente: True
2025-05-27 07:10:27,308 - ERROR - Erro ao solicitar credenciais: window ".!_querystring3" was deleted before its visibility changed
2025-05-27 07:10:27,309 - INFO - Resultado do prompt: False, False
2025-05-27 07:10:35,803 - INFO - Botão 'Verificar Spam' clicado
2025-05-27 07:10:35,804 - INFO - Iniciando get_current_credentials
2025-05-27 07:10:35,804 - INFO - Has combo: None, Email selecionado: 'None'
2025-05-27 07:10:35,805 - INFO - Solicitando novas credenciais via prompt
2025-05-27 07:10:35,805 - INFO - Iniciando prompt_credentials_gui
2025-05-27 07:10:35,806 - INFO - Emails salvos encontrados: 1
2025-05-27 07:10:35,807 - INFO - Mostrando diálogo para escolher conta existente
2025-05-27 07:10:36,848 - INFO - Usuário escolheu usar conta existente: True
2025-05-27 07:10:38,436 - ERROR - Erro ao solicitar credenciais: window ".!_querystring4" was deleted before its visibility changed
2025-05-27 07:10:38,437 - INFO - Resultado do prompt: False, False
