2025-05-24 07:18:53,860 - INFO - Aplicação congelada: False
2025-05-24 07:18:53,860 - INFO - Caminho da aplicação: D:\Programação\GitHub\deletador-de-emails
2025-05-24 07:18:53,861 - INFO - Diretório da aplicação: D:\Programação\GitHub\deletador-de-emails
2025-05-24 07:18:53,861 - INFO - Módulo encontrado: D:\Programação\GitHub\deletador-de-emails\credential_prompt.py
2025-05-24 07:18:54,770 - INFO - Módulo credential_prompt carregado com sucesso
2025-05-24 07:18:54,771 - INFO - Módulo encontrado: D:\Programação\GitHub\deletador-de-emails\credentials_manager.py
2025-05-24 07:18:54,773 - INFO - Módulo credentials_manager carregado com sucesso
2025-05-24 07:18:54,773 - INFO - Módulo encontrado: D:\Programação\GitHub\deletador-de-emails\delete_spam_emails.py
2025-05-24 07:18:55,040 - INFO - Módulo delete_spam_emails carregado com sucesso
2025-05-24 07:18:55,041 - INFO - Módulo encontrado: D:\Programação\GitHub\deletador-de-emails\check_spam_count.py
2025-05-24 07:18:55,042 - INFO - Módulo check_spam_count carregado com sucesso
2025-05-24 07:18:55,043 - INFO - Módulo encontrado: D:\Programação\GitHub\deletador-de-emails\verificar_spam.py
2025-05-24 07:18:55,044 - INFO - Módulo verificar_spam carregado com sucesso
2025-05-24 07:18:55,044 - INFO - Módulo encontrado: D:\Programação\GitHub\deletador-de-emails\gui_app.py
2025-05-24 07:18:55,611 - INFO - Iniciando aplicação GUI
2025-05-24 07:18:55,612 - INFO - Módulo credential_prompt importado com sucesso
2025-05-24 07:18:55,613 - INFO - Módulo credentials_manager importado com sucesso
2025-05-24 07:18:55,613 - INFO - Módulo delete_spam_emails importado com sucesso
2025-05-24 07:18:55,616 - INFO - Módulo check_spam_count importado com sucesso
2025-05-24 07:18:55,618 - INFO - Módulo verificar_spam importado com sucesso
2025-05-24 07:18:55,619 - INFO - Módulo gui_app carregado com sucesso
2025-05-24 07:18:55,620 - INFO - Iniciando gui_app
2025-05-24 07:18:56,604 - INFO - Inicializando GmailSpamManagerApp
2025-05-24 07:18:56,605 - INFO - Ícone encontrado: icones\gerenciador_spam.ico
2025-05-24 07:18:56,654 - INFO - Criando widgets da interface
2025-05-24 07:18:56,659 - INFO - Criando widgets da interface
2025-05-24 07:18:56,662 - INFO - Obtendo lista de emails salvos
2025-05-24 07:18:56,665 - INFO - Emails salvos encontrados: 1
2025-05-24 07:18:56,671 - INFO - Criando combobox para emails salvos
2025-05-24 07:18:56,816 - INFO - Widgets criados com sucesso
2025-05-24 07:18:56,830 - INFO - Iniciando processamento da fila de saída
2025-05-24 07:18:56,858 - INFO - Carregando credenciais salvas
2025-05-24 07:18:56,867 - INFO - Inicialização concluída com sucesso
2025-05-24 07:24:38,937 - INFO - Aplicação congelada: False
2025-05-24 07:24:38,938 - INFO - Caminho da aplicação: D:\Programação\GitHub\deletador-de-emails
2025-05-24 07:24:38,938 - INFO - Diretório da aplicação: D:\Programação\GitHub\deletador-de-emails
2025-05-24 07:24:38,938 - INFO - Módulo encontrado: D:\Programação\GitHub\deletador-de-emails\credential_prompt.py
2025-05-24 07:24:39,089 - INFO - Módulo credential_prompt carregado com sucesso
2025-05-24 07:24:39,092 - INFO - Módulo encontrado: D:\Programação\GitHub\deletador-de-emails\credentials_manager.py
2025-05-24 07:24:39,094 - INFO - Módulo credentials_manager carregado com sucesso
2025-05-24 07:24:39,095 - INFO - Módulo encontrado: D:\Programação\GitHub\deletador-de-emails\delete_spam_emails.py
2025-05-24 07:24:39,185 - INFO - Módulo delete_spam_emails carregado com sucesso
2025-05-24 07:24:39,186 - INFO - Módulo encontrado: D:\Programação\GitHub\deletador-de-emails\check_spam_count.py
2025-05-24 07:24:39,193 - INFO - Módulo check_spam_count carregado com sucesso
2025-05-24 07:24:39,194 - INFO - Módulo encontrado: D:\Programação\GitHub\deletador-de-emails\verificar_spam.py
2025-05-24 07:24:39,233 - INFO - Módulo verificar_spam carregado com sucesso
2025-05-24 07:24:39,235 - INFO - Módulo encontrado: D:\Programação\GitHub\deletador-de-emails\gui_app.py
2025-05-24 07:24:39,327 - INFO - Iniciando aplicação GUI
2025-05-24 07:24:39,327 - INFO - Módulo credential_prompt importado com sucesso
2025-05-24 07:24:39,327 - INFO - Módulo credentials_manager importado com sucesso
2025-05-24 07:24:39,328 - INFO - Módulo delete_spam_emails importado com sucesso
2025-05-24 07:24:39,328 - INFO - Módulo check_spam_count importado com sucesso
2025-05-24 07:24:39,328 - INFO - Módulo verificar_spam importado com sucesso
2025-05-24 07:24:39,329 - INFO - Módulo gui_app carregado com sucesso
2025-05-24 07:24:39,329 - INFO - Iniciando gui_app
2025-05-24 07:24:39,869 - INFO - Inicializando GmailSpamManagerApp
2025-05-24 07:24:39,869 - INFO - Ícone encontrado: icones\gerenciador_spam.ico
2025-05-24 07:24:39,946 - INFO - Criando widgets da interface
2025-05-24 07:24:39,966 - INFO - Criando widgets da interface
2025-05-24 07:24:39,972 - INFO - Obtendo lista de emails salvos
2025-05-24 07:24:39,983 - INFO - Emails salvos encontrados: 1
2025-05-24 07:24:39,987 - INFO - Criando combobox para emails salvos
2025-05-24 07:24:40,008 - INFO - Widgets criados com sucesso
2025-05-24 07:24:40,014 - INFO - Iniciando processamento da fila de saída
2025-05-24 07:24:40,015 - INFO - Carregando credenciais salvas
2025-05-24 07:24:40,016 - INFO - Inicialização concluída com sucesso
